🎮 [audit] component=transcript action=accepted turnState=IDLE tts=on childName=Reina round=0
🎮 [audit] component=transcript action=accepted turnState=IDLE tts=on childName=Reina round=1
🎮 [audit] component=transcript action=accepted turnState=IDLE tts=on childName=Reina round=2
🎮 [audit] component=transcript action=accepted turnState=IDLE tts=on childName=Reina round=3
🎮 [audit] component=transcript action=replay turnState=IDLE tts=on childName=Reina round=4
🎮 [audit] component=transcript action=accepted turnState=IDLE tts=on childName=Reina round=4
🎮 [audit] component=transcript action=accepted turnState=IDLE tts=on childName=Reina round=5
🎮 [audit] component=transcript action=accepted turnState=IDLE tts=on childName=Reina round=6
🎮 [audit] component=transcript action=accepted turnState=IDLE tts=on childName=Reina round=7
🎮 [audit] component=transcript action=accepted turnState=IDLE tts=on childName=Reina round=8
🎮 [audit] component=transcript action=accepted turnState=IDLE tts=on childName=Reina round=9
🎮 [audit] component=transcript action=accepted turnState=IDLE tts=on childName=Reina round=10
🎮 [audit] component=transcript action=accepted turnState=IDLE tts=on childName=Reina round=11
🎮 [audit] component=transcript action=accepted turnState=IDLE tts=on childName=Reina round=12
🎮 [audit] component=transcript action=accepted turnState=IDLE tts=on childName=Reina round=13
🎮 [audit] component=transcript action=accepted turnState=IDLE tts=on childName=Reina round=14
🎮 [audit] component=transcript action=accepted turnState=IDLE tts=on childName=Reina round=15
🎮 [audit] component=transcript action=accepted turnState=IDLE tts=on childName=Reina round=16
🎮 [audit] component=transcript action=accepted turnState=IDLE tts=on childName=Reina round=17
🎮 [audit] component=transcript action=accepted turnState=IDLE tts=on childName=Reina round=18
🎮 [audit] component=transcript action=accepted turnState=IDLE tts=on childName=Reina round=19
🎮 [audit] component=transcript action=accepted turnState=IDLE tts=on childName=Reina round=20
🎮 [audit] component=transcript action=accepted turnState=IDLE tts=on childName=Reina round=21
🎮 [audit] component=transcript action=accepted turnState=IDLE tts=on childName=Reina round=22
🎮 [audit] component=transcript action=accepted turnState=IDLE tts=on childName=Reina round=23
🎮 [audit] component=transcript action=accepted turnState=IDLE tts=on childName=Reina round=24
🎮 [audit] component=transcript action=accepted turnState=IDLE tts=on childName=Reina round=0
🎮 [audit] component=transcript action=accepted turnState=IDLE tts=on childName=Reina round=1
🎮 [audit] component=transcript action=replay turnState=IDLE tts=on childName=Reina round=2
🎮 [audit] component=transcript action=accepted turnState=IDLE tts=on childName=Reina round=2
🎮 [audit] component=transcript action=accepted turnState=IDLE tts=on childName=Reina round=3
🎮 [audit] component=transcript action=replay turnState=IDLE tts=on childName=Reina round=0
🎮 [audit] component=transcript action=accepted turnState=IDLE tts=on childName=Reina round=0
🎮 [audit] component=transcript action=accepted turnState=IDLE tts=on childName=Reina round=0
🎮 [audit] component=transcript action=accepted turnState=IDLE tts=on childName=Reina round=1
🎮 [audit] component=transcript action=replay turnState=IDLE tts=on childName=Reina round=2
🎮 [audit] component=transcript action=accepted turnState=IDLE tts=on childName=Reina round=2
🎮 [audit] component=transcript action=accepted turnState=IDLE tts=on childName=Reina round=3
🎮 [audit] component=transcript action=queued turnState=PROCESSING tts=on childName=Reina round=4
🎮 [audit] component=transcript action=queued turnState=PROCESSING tts=on childName=Reina round=4
🎮 [audit] component=transcript action=replay turnState=IDLE tts=on childName=Reina round=4
🎮 [audit] component=transcript action=accepted turnState=IDLE tts=on childName=Reina round=4
🎮 [audit] component=transcript action=accepted turnState=IDLE tts=on childName=Reina round=5
🎮 [audit] component=transcript action=queued turnState=PROCESSING tts=on childName=Reina round=6
🎮 [audit] component=transcript action=replay turnState=IDLE tts=on childName=Reina round=6
🎮 [audit] component=transcript action=accepted turnState=IDLE tts=on childName=Reina round=6
🎮 [audit] component=transcript action=accepted turnState=IDLE tts=on childName=Reina round=7
🎮 [audit] component=transcript action=dropped reason=assistant_owns_turn turnState=SPEAKING tts=on childName=Reina round=8
🎮 [audit] component=transcript action=accepted turnState=IDLE tts=on childName=Reina round=8
🎮 [audit] component=transcript action=accepted turnState=IDLE tts=on childName=Reina round=9
🎮 [audit] component=transcript action=accepted turnState=IDLE tts=on childName=Reina round=10
🎮 [audit] component=transcript action=replay turnState=IDLE tts=on childName=Reina round=0
🎮 [audit] component=transcript action=accepted turnState=IDLE tts=on childName=Reina round=0
🎮 [audit] component=transcript action=accepted turnState=IDLE tts=on childName=Reina round=11
🎮 [audit] component=transcript action=accepted turnState=IDLE tts=on childName=Reina round=12
🎮 [audit] component=transcript action=accepted turnState=IDLE tts=on childName=Reina round=13
🎮 [audit] component=transcript action=dropped reason=assistant_owns_turn turnState=SPEAKING tts=on childName=Reina round=14
🎮 [audit] component=transcript action=accepted turnState=IDLE tts=on childName=Reina round=14
🎮 [audit] component=transcript action=accepted turnState=IDLE tts=on childName=Reina round=15
🎮 [audit] component=transcript action=queued turnState=PROCESSING tts=on childName=Reina round=16
🎮 [audit] component=transcript action=dropped reason=assistant_owns_turn turnState=SPEAKING tts=on childName=Reina round=16
🎮 [audit] component=transcript action=replay turnState=IDLE tts=on childName=Reina round=16
🎮 [audit] component=transcript action=accepted turnState=IDLE tts=on childName=Reina round=16
🎮 [audit] component=transcript action=accepted turnState=IDLE tts=on childName=Reina round=17
🎮 [audit] component=transcript action=accepted turnState=IDLE tts=on childName=Reina round=18
🎮 [audit] component=transcript action=accepted turnState=IDLE tts=on childName=Reina round=19
🎮 [audit] component=transcript action=queued turnState=PROCESSING tts=on childName=Reina round=20
🎮 [audit] component=transcript action=dropped reason=assistant_owns_turn turnState=SPEAKING tts=on childName=Reina round=20
🎮 [audit] component=transcript action=replay turnState=IDLE tts=on childName=Reina round=20
🎮 [audit] component=transcript action=accepted turnState=IDLE tts=on childName=Reina round=20
🎮 [audit] component=transcript action=accepted turnState=IDLE tts=on childName=Reina round=21
🎮 [audit] component=transcript action=accepted turnState=IDLE tts=on childName=Reina round=22
🎮 [audit] component=transcript action=queued turnState=PROCESSING tts=on childName=Reina round=23
🎮 [audit] component=transcript action=replay turnState=IDLE tts=on childName=Reina round=23
🎮 [audit] component=transcript action=accepted turnState=IDLE tts=on childName=Reina round=23
🎮 [audit] component=transcript action=accepted turnState=IDLE tts=on childName=Reina round=24
🎮 [audit] component=transcript action=queued turnState=PROCESSING tts=on childName=Reina round=25
🎮 [audit] component=transcript action=replay turnState=IDLE tts=on childName=Reina round=25
🎮 [audit] component=transcript action=accepted turnState=IDLE tts=on childName=Reina round=25
🎮 [audit] component=transcript action=accepted turnState=IDLE tts=on childName=Reina round=26
🎮 [audit] component=transcript action=accepted turnState=IDLE tts=on childName=Reina round=27
🎮 [audit] component=transcript action=accepted turnState=IDLE tts=on childName=Reina round=28
🎮 [audit] component=transcript action=accepted turnState=IDLE tts=on childName=Reina round=29
🎮 [audit] component=transcript action=accepted turnState=IDLE tts=on childName=Reina round=30
🎮 [audit] component=transcript action=accepted turnState=IDLE tts=on childName=Reina round=31
🎮 [audit] component=transcript action=accepted turnState=IDLE tts=on childName=Reina round=32
🎮 [audit] component=transcript action=accepted turnState=IDLE tts=on childName=Reina round=33
🎮 [audit] component=transcript action=accepted turnState=IDLE tts=on childName=Reina round=34
🎮 [audit] component=transcript action=accepted turnState=IDLE tts=on childName=Reina round=35
🎮 [audit] component=transcript action=accepted turnState=IDLE tts=on childName=Reina round=36
🎮 [audit] component=transcript action=queued turnState=PROCESSING tts=on childName=Reina round=37
🎮 [audit] component=transcript action=dropped reason=assistant_owns_turn turnState=SPEAKING tts=on childName=Reina round=37
🎮 [audit] component=transcript action=replay turnState=IDLE tts=on childName=Reina round=37
🎮 [audit] component=transcript action=accepted turnState=IDLE tts=on childName=Reina round=37
🎮 [audit] component=transcript action=replay turnState=IDLE tts=on childName=Reina round=0
🎮 [audit] component=transcript action=accepted turnState=IDLE tts=on childName=Reina round=0
🎮 [audit] component=transcript action=accepted turnState=IDLE tts=on childName=Reina round=38
🎮 [audit] component=transcript action=accepted turnState=IDLE tts=on childName=Reina round=39
🎮 [audit] component=transcript action=queued turnState=PROCESSING tts=on childName=Reina round=40
🎮 [audit] component=transcript action=replay turnState=IDLE tts=on childName=Reina round=40
🎮 [audit] component=transcript action=accepted turnState=IDLE tts=on childName=Reina round=40
🎮 [audit] component=transcript action=queued turnState=PROCESSING tts=on childName=Reina round=41
🎮 [audit] component=transcript action=replay turnState=IDLE tts=on childName=Reina round=41
🎮 [audit] component=transcript action=accepted turnState=IDLE tts=on childName=Reina round=41
🎮 [audit] component=transcript action=queued turnState=PROCESSING tts=on childName=Reina round=42
🎮 [audit] component=transcript action=replay turnState=IDLE tts=on childName=Reina round=42
🎮 [audit] component=transcript action=accepted turnState=IDLE tts=on childName=Reina round=42
🎮 [audit] component=transcript action=accepted turnState=IDLE tts=on childName=Reina round=43
🎮 [audit] component=transcript action=queued turnState=PROCESSING tts=on childName=Reina round=44
🎮 [audit] component=transcript action=replay turnState=IDLE tts=on childName=Reina round=44
🎮 [audit] component=transcript action=accepted turnState=IDLE tts=on childName=Reina round=44
🎮 [audit] component=transcript action=dropped reason=assistant_owns_turn turnState=SPEAKING tts=on childName=Reina round=45
🎮 [audit] component=transcript action=accepted turnState=IDLE tts=on childName=Reina round=45
🎮 [audit] component=transcript action=queued turnState=PROCESSING tts=on childName=Reina round=46
🎮 [audit] component=transcript action=replay turnState=IDLE tts=on childName=Reina round=46
🎮 [audit] component=transcript action=accepted turnState=IDLE tts=on childName=Reina round=46
🎮 [audit] component=transcript action=accepted turnState=IDLE tts=on childName=Reina round=47
🎮 [audit] component=transcript action=queued turnState=PROCESSING tts=on childName=Reina round=48
🎮 [audit] component=transcript action=replay turnState=IDLE tts=on childName=Reina round=48
🎮 [audit] component=transcript action=accepted turnState=IDLE tts=on childName=Reina round=48
🎮 [audit] component=transcript action=queued turnState=PROCESSING tts=on childName=Reina round=49
🎮 [audit] component=transcript action=replay turnState=IDLE tts=on childName=Reina round=49
🎮 [audit] component=transcript action=accepted turnState=IDLE tts=on childName=Reina round=49
🎮 [audit] component=transcript action=accepted turnState=IDLE tts=on childName=Reina round=50
🎮 [audit] component=transcript action=queued turnState=PROCESSING tts=on childName=Reina round=51
🎮 [audit] component=transcript action=dropped reason=assistant_owns_turn turnState=SPEAKING tts=on childName=Reina round=51
🎮 [audit] component=transcript action=replay turnState=IDLE tts=on childName=Reina round=51
🎮 [audit] component=transcript action=accepted turnState=IDLE tts=on childName=Reina round=51
🎮 [audit] component=transcript action=queued turnState=PROCESSING tts=on childName=Reina round=52
🎮 [audit] component=transcript action=replay turnState=IDLE tts=on childName=Reina round=52
🎮 [audit] component=transcript action=accepted turnState=IDLE tts=on childName=Reina round=52
🎮 [audit] component=transcript action=dropped reason=assistant_owns_turn turnState=SPEAKING tts=on childName=Reina round=53
🎮 [audit] component=transcript action=accepted turnState=IDLE tts=on childName=Reina round=53
🎮 [audit] component=transcript action=queued turnState=PROCESSING tts=on childName=Reina round=54
🎮 [audit] component=transcript action=queued turnState=PROCESSING tts=on childName=Reina round=54
🎮 [audit] component=turn action=barge_in stateBefore=SPEAKING turnState=IDLE tts=on childName=Reina round=54
🎮 [audit] component=transcript action=accepted turnState=IDLE tts=on childName=Reina round=54
🎮 [audit] component=transcript action=queued turnState=PROCESSING tts=on childName=Reina round=55
🎮 [audit] component=transcript action=dropped reason=assistant_owns_turn turnState=SPEAKING tts=on childName=Reina round=55
🎮 [audit] component=turn action=barge_in stateBefore=SPEAKING turnState=IDLE tts=on childName=Reina round=55
🎮 [audit] component=transcript action=accepted turnState=IDLE tts=on childName=Reina round=55
🎮 [audit] component=transcript action=accepted turnState=IDLE tts=on childName=Reina round=56
🎮 [audit] component=transcript action=queued turnState=PROCESSING tts=on childName=Reina round=57
🎮 [audit] component=transcript action=replay turnState=IDLE tts=on childName=Reina round=57
🎮 [audit] component=transcript action=accepted turnState=IDLE tts=on childName=Reina round=57
🎮 [audit] component=transcript action=accepted turnState=IDLE tts=on childName=Reina round=58
🎮 [audit] component=transcript action=replay turnState=IDLE tts=on childName=Reina round=0
🎮 [audit] component=transcript action=accepted turnState=IDLE tts=on childName=Reina round=0
🎮 [audit] component=transcript action=accepted turnState=IDLE tts=on childName=Reina round=59
🎮 [audit] component=transcript action=queued turnState=PROCESSING tts=on childName=Reina round=60
🎮 [audit] component=transcript action=replay turnState=IDLE tts=on childName=Reina round=60
🎮 [audit] component=transcript action=accepted turnState=IDLE tts=on childName=Reina round=60
🎮 [audit] component=transcript action=accepted turnState=IDLE tts=on childName=Reina round=61
🎮 [audit] component=transcript action=accepted turnState=IDLE tts=on childName=Reina round=62
🎮 [audit] component=transcript action=queued turnState=PROCESSING tts=on childName=Reina round=63
🎮 [audit] component=transcript action=replay turnState=IDLE tts=on childName=Reina round=63
🎮 [audit] component=transcript action=accepted turnState=IDLE tts=on childName=Reina round=63
🎮 [audit] component=turn action=barge_in stateBefore=SPEAKING turnState=IDLE tts=on childName=Reina round=64
🎮 [audit] component=transcript action=accepted turnState=IDLE tts=on childName=Reina round=64
🎮 [audit] component=transcript action=queued turnState=PROCESSING tts=on childName=Reina round=65
🎮 [audit] component=transcript action=dropped reason=assistant_owns_turn turnState=SPEAKING tts=on childName=Reina round=65
🎮 [audit] component=transcript action=replay turnState=IDLE tts=on childName=Reina round=65
🎮 [audit] component=transcript action=accepted turnState=IDLE tts=on childName=Reina round=65
🎮 [audit] component=transcript action=queued turnState=PROCESSING tts=on childName=Reina round=66
🎮 [audit] component=transcript action=dropped reason=assistant_owns_turn turnState=SPEAKING tts=on childName=Reina round=66
🎮 [audit] component=transcript action=replay turnState=IDLE tts=on childName=Reina round=66
🎮 [audit] component=transcript action=accepted turnState=IDLE tts=on childName=Reina round=66
🎮 [audit] component=transcript action=queued turnState=PROCESSING tts=on childName=Reina round=67
🎮 [audit] component=transcript action=replay turnState=IDLE tts=on childName=Reina round=67
🎮 [audit] component=transcript action=accepted turnState=IDLE tts=on childName=Reina round=67
🎮 [audit] component=transcript action=accepted turnState=IDLE tts=on childName=Reina round=68
🎮 [audit] component=transcript action=dropped reason=assistant_owns_turn turnState=SPEAKING tts=on childName=Reina round=69
🎮 [audit] component=transcript action=accepted turnState=IDLE tts=on childName=Reina round=69
🎮 [audit] component=transcript action=queued turnState=PROCESSING tts=on childName=Reina round=70
🎮 [audit] component=transcript action=dropped reason=assistant_owns_turn turnState=SPEAKING tts=on childName=Reina round=70
🎮 [audit] component=turn action=barge_in stateBefore=SPEAKING turnState=IDLE tts=on childName=Reina round=70
🎮 [audit] component=transcript action=accepted turnState=IDLE tts=on childName=Reina round=70
🎮 [audit] component=transcript action=queued turnState=PROCESSING tts=on childName=Reina round=71
🎮 [audit] component=transcript action=dropped reason=assistant_owns_turn turnState=SPEAKING tts=on childName=Reina round=71
🎮 [audit] component=transcript action=replay turnState=IDLE tts=on childName=Reina round=71
🎮 [audit] component=transcript action=accepted turnState=IDLE tts=on childName=Reina round=71
🎮 [audit] component=transcript action=dropped reason=assistant_owns_turn turnState=SPEAKING tts=on childName=Reina round=72
🎮 [audit] component=transcript action=accepted turnState=IDLE tts=on childName=Reina round=72
🎮 [audit] component=transcript action=accepted turnState=IDLE tts=on childName=Reina round=73
🎮 [audit] component=transcript action=queued turnState=PROCESSING tts=on childName=Reina round=74
🎮 [audit] component=transcript action=replay turnState=IDLE tts=on childName=Reina round=74
🎮 [audit] component=transcript action=accepted turnState=IDLE tts=on childName=Reina round=74
🎮 [audit] component=transcript action=accepted turnState=IDLE tts=on childName=Reina round=75
🎮 [audit] component=transcript action=dropped reason=assistant_owns_turn turnState=SPEAKING tts=on childName=Reina round=76
🎮 [audit] component=transcript action=accepted turnState=IDLE tts=on childName=Reina round=76
🎮 [audit] component=transcript action=accepted turnState=IDLE tts=on childName=Reina round=77
🎮 [audit] component=transcript action=accepted turnState=IDLE tts=on childName=Reina round=78
🎮 [audit] component=transcript action=queued turnState=PROCESSING tts=on childName=Reina round=79
🎮 [audit] component=transcript action=queued turnState=PROCESSING tts=on childName=Reina round=79
🎮 [audit] component=transcript action=replay turnState=IDLE tts=on childName=Reina round=79
🎮 [audit] component=transcript action=accepted turnState=IDLE tts=on childName=Reina round=79
🎮 [audit] component=transcript action=queued turnState=PROCESSING tts=on childName=Reina round=80
🎮 [audit] component=transcript action=queued turnState=PROCESSING tts=on childName=Reina round=80
🎮 [audit] component=transcript action=queued turnState=PROCESSING tts=on childName=Reina round=80
🎮 [audit] component=transcript action=queued turnState=PROCESSING tts=on childName=Reina round=80
🎮 [audit] component=transcript action=queued turnState=PROCESSING tts=on childName=Reina round=80
🎮 [audit] component=transcript action=queued turnState=PROCESSING tts=on childName=Reina round=80
🎮 [audit] component=transcript action=queued turnState=PROCESSING tts=on childName=Reina round=80
🎮 [audit] component=transcript action=replay turnState=IDLE tts=on childName=Reina round=80
🎮 [audit] component=transcript action=accepted turnState=IDLE tts=on childName=Reina round=80
🎮 [audit] component=transcript action=accepted turnState=IDLE tts=on childName=Reina round=81
🎮 [audit] component=transcript action=queued turnState=PROCESSING tts=on childName=Reina round=82
🎮 [audit] component=transcript action=replay turnState=IDLE tts=on childName=Reina round=82
🎮 [audit] component=transcript action=accepted turnState=IDLE tts=on childName=Reina round=82
🎮 [audit] component=transcript action=accepted turnState=IDLE tts=on childName=Reina round=83
🎮 [audit] component=transcript action=accepted turnState=IDLE tts=on childName=Reina round=84
🎮 [audit] component=transcript action=accepted turnState=IDLE tts=on childName=Reina round=85
🎮 [audit] component=turn action=barge_in stateBefore=SPEAKING turnState=IDLE tts=on childName=Reina round=86
🎮 [audit] component=transcript action=accepted turnState=IDLE tts=on childName=Reina round=86
🎮 [audit] component=transcript action=accepted turnState=IDLE tts=on childName=Reina round=87
🎮 [audit] component=transcript action=dropped reason=assistant_owns_turn turnState=SPEAKING tts=on childName=Reina round=88
🎮 [audit] component=transcript action=accepted turnState=IDLE tts=on childName=Reina round=88
🎮 [audit] component=transcript action=accepted turnState=IDLE tts=on childName=Reina round=89
🎮 [audit] component=transcript action=queued turnState=PROCESSING tts=on childName=Reina round=90
🎮 [audit] component=transcript action=queued turnState=PROCESSING tts=on childName=Reina round=90
🎮 [audit] component=transcript action=replay turnState=IDLE tts=on childName=Reina round=90
🎮 [audit] component=transcript action=accepted turnState=IDLE tts=on childName=Reina round=90
🎮 [audit] component=transcript action=queued turnState=PROCESSING tts=on childName=Reina round=91
🎮 [audit] component=transcript action=replay turnState=IDLE tts=on childName=Reina round=91
🎮 [audit] component=transcript action=accepted turnState=IDLE tts=on childName=Reina round=91
🎮 [audit] component=transcript action=accepted turnState=IDLE tts=on childName=Reina round=92
🎮 [audit] component=transcript action=accepted turnState=IDLE tts=on childName=Reina round=93
🎮 [audit] component=transcript action=accepted turnState=IDLE tts=on childName=Reina round=94
🎮 [audit] component=transcript action=queued turnState=PROCESSING tts=on childName=Reina round=95
🎮 [audit] component=transcript action=queued turnState=PROCESSING tts=on childName=Reina round=95
🎮 [audit] component=transcript action=replay turnState=IDLE tts=on childName=Reina round=95
🎮 [audit] component=transcript action=accepted turnState=IDLE tts=on childName=Reina round=95
🎮 [audit] component=transcript action=dropped reason=assistant_owns_turn turnState=SPEAKING tts=on childName=Reina round=96
🎮 [audit] component=transcript action=accepted turnState=IDLE tts=on childName=Reina round=96
🎮 [audit] component=transcript action=queued turnState=PROCESSING tts=on childName=Reina round=97
🎮 [audit] component=transcript action=replay turnState=IDLE tts=on childName=Reina round=97
🎮 [audit] component=transcript action=accepted turnState=IDLE tts=on childName=Reina round=97
🎮 [audit] component=transcript action=queued turnState=PROCESSING tts=on childName=Reina round=98
🎮 [audit] component=transcript action=queued turnState=PROCESSING tts=on childName=Reina round=98
🎮 [audit] component=transcript action=replay turnState=IDLE tts=on childName=Reina round=98
🎮 [audit] component=transcript action=accepted turnState=IDLE tts=on childName=Reina round=98
🎮 [audit] component=transcript action=accepted turnState=IDLE tts=on childName=Reina round=99
🎮 [audit] component=transcript action=queued turnState=PROCESSING tts=on childName=Reina round=100
🎮 [audit] component=transcript action=replay turnState=IDLE tts=on childName=Reina round=100
🎮 [audit] component=transcript action=accepted turnState=IDLE tts=on childName=Reina round=100
🎮 [audit] component=transcript action=accepted turnState=IDLE tts=on childName=Reina round=101
🎮 [audit] component=transcript action=queued turnState=PROCESSING tts=on childName=Reina round=102
🎮 [audit] component=transcript action=replay turnState=IDLE tts=on childName=Reina round=102
🎮 [audit] component=transcript action=accepted turnState=IDLE tts=on childName=Reina round=102
🎮 [audit] component=transcript action=queued turnState=PROCESSING tts=on childName=Reina round=103
🎮 [audit] component=transcript action=dropped reason=assistant_owns_turn turnState=SPEAKING tts=on childName=Reina round=103
🎮 [audit] component=transcript action=replay turnState=IDLE tts=on childName=Reina round=103
🎮 [audit] component=transcript action=accepted turnState=IDLE tts=on childName=Reina round=103
🎮 [audit] component=transcript action=queued turnState=PROCESSING tts=on childName=Reina round=104
🎮 [audit] component=transcript action=queued turnState=PROCESSING tts=on childName=Reina round=104
🎮 [audit] component=transcript action=replay turnState=IDLE tts=on childName=Reina round=104
🎮 [audit] component=transcript action=accepted turnState=IDLE tts=on childName=Reina round=104
🎮 [audit] component=transcript action=accepted turnState=IDLE tts=on childName=Reina round=105
🎮 [audit] component=transcript action=accepted turnState=IDLE tts=on childName=Reina round=106
🎮 [audit] component=transcript action=accepted turnState=IDLE tts=on childName=Reina round=107
🎮 [audit] component=transcript action=accepted turnState=IDLE tts=on childName=Reina round=108
🎮 [audit] component=transcript action=accepted turnState=IDLE tts=on childName=Reina round=109
🎮 [audit] component=transcript action=replay turnState=IDLE tts=on childName=Reina round=0
🎮 [audit] component=transcript action=accepted turnState=IDLE tts=on childName=Reina round=0
🎮 [audit] component=transcript action=queued turnState=PROCESSING tts=on childName=Ila round=0
🎮 [audit] component=transcript action=replay turnState=IDLE tts=on childName=Ila round=0
🎮 [audit] component=transcript action=accepted turnState=IDLE tts=on childName=Ila round=0
🎮 [audit] component=transcript action=queued turnState=PROCESSING tts=off childName=Ila round=0
🎮 [audit] component=transcript action=replay turnState=IDLE tts=off childName=Ila round=0
🎮 [audit] component=transcript action=accepted turnState=IDLE tts=off childName=Ila round=0
🎮 [audit] component=transcript action=queued turnState=PROCESSING tts=off childName=Ila round=0
🎮 [audit] component=transcript action=replay turnState=IDLE tts=off childName=Ila round=0
🎮 [audit] component=transcript action=accepted turnState=IDLE tts=off childName=Ila round=0
🎮 [audit] component=transcript action=accepted turnState=IDLE tts=on childName=creator round=0
🎮 [audit] component=transcript action=replay turnState=IDLE tts=on childName=Ila round=0
🎮 [audit] component=transcript action=accepted turnState=IDLE tts=on childName=Ila round=0
🎮 [audit] component=transcript action=replay turnState=IDLE tts=on childName=Ila round=0
🎮 [audit] component=transcript action=accepted turnState=IDLE tts=on childName=Ila round=0
🎮 [audit] component=word_builder action=wire_corrected reason=session_already_active childName=Ila
🎮 [audit] component=word_builder action=rejected error=Word Builder is already active. Call canvasClear first if you want to restart it. childName=Ila
🎮 [audit] component=word_builder action=rejected error=Word Builder is already active. Call canvasClear first if you want to restart it. childName=Ila
🎮 [audit] component=transcript action=replay turnState=SPEAKING tts=on childName=creator round=0
🎮 [audit] component=transcript action=accepted turnState=SPEAKING tts=on childName=creator round=0
🎮 [audit] component=transcript action=replay turnState=LOADING tts=on childName=creator round=0
🎮 [audit] component=transcript action=accepted turnState=LOADING tts=on childName=creator round=0
🎮 [audit] component=transcript action=replay turnState=SPEAKING tts=on childName=creator round=0
🎮 [audit] component=transcript action=accepted turnState=SPEAKING tts=on childName=creator round=0
🎮 [audit] component=transcript action=accepted turnState=IDLE tts=on childName=Ila round=0
🎮 [audit] component=transcript action=accepted turnState=IDLE tts=on childName=Ila round=0
🎮 [audit] component=transcript action=replay turnState=IDLE tts=on childName=Ila round=0
🎮 [audit] component=transcript action=accepted turnState=IDLE tts=on childName=Ila round=0
🎮 [audit] component=transcript action=replay turnState=IDLE tts=on childName=Ila round=0
🎮 [audit] component=transcript action=accepted turnState=IDLE tts=on childName=Ila round=0
🎮 [audit] component=transcript action=queued turnState=PROCESSING tts=on childName=Ila round=0
🎮 [audit] component=transcript action=replay turnState=IDLE tts=on childName=Ila round=0
🎮 [audit] component=transcript action=accepted turnState=IDLE tts=on childName=Ila round=0
🎮 [audit] component=transcript action=queued turnState=PROCESSING tts=off childName=Ila round=0
🎮 [audit] component=transcript action=replay turnState=IDLE tts=off childName=Ila round=0
🎮 [audit] component=transcript action=accepted turnState=IDLE tts=off childName=Ila round=0
🎮 [audit] component=transcript action=queued turnState=PROCESSING tts=off childName=Ila round=0
🎮 [audit] component=transcript action=replay turnState=IDLE tts=off childName=Ila round=0
🎮 [audit] component=transcript action=accepted turnState=IDLE tts=off childName=Ila round=0
🎮 [audit] component=transcript action=accepted turnState=IDLE tts=on childName=creator round=0
🎮 [audit] component=transcript action=accepted turnState=IDLE tts=on childName=Ila round=0
🎮 [audit] component=transcript action=accepted turnState=IDLE tts=on childName=Ila round=0
🎮 [audit] component=word_builder action=wire_corrected reason=session_already_active childName=Ila
🎮 [audit] component=word_builder action=rejected error=Word Builder is already active. Call canvasClear first if you want to restart it. childName=Ila
🎮 [audit] component=word_builder action=rejected error=Word Builder is already active. Call canvasClear first if you want to restart it. childName=Ila
🎮 [audit] component=transcript action=replay turnState=SPEAKING tts=on childName=creator round=0
🎮 [audit] component=transcript action=accepted turnState=SPEAKING tts=on childName=creator round=0
🎮 [audit] component=transcript action=replay turnState=LOADING tts=on childName=creator round=0
🎮 [audit] component=transcript action=accepted turnState=LOADING tts=on childName=creator round=0
🎮 [audit] component=transcript action=replay turnState=SPEAKING tts=on childName=creator round=0
🎮 [audit] component=transcript action=accepted turnState=SPEAKING tts=on childName=creator round=0
🎮 [audit] component=transcript action=queued turnState=PROCESSING tts=on childName=Ila round=0
🎮 [audit] component=transcript action=replay turnState=IDLE tts=on childName=Ila round=0
🎮 [audit] component=transcript action=accepted turnState=IDLE tts=on childName=Ila round=0
🎮 [audit] component=transcript action=queued turnState=PROCESSING tts=off childName=Ila round=0
🎮 [audit] component=transcript action=replay turnState=IDLE tts=off childName=Ila round=0
🎮 [audit] component=transcript action=accepted turnState=IDLE tts=off childName=Ila round=0
🎮 [audit] component=transcript action=queued turnState=PROCESSING tts=off childName=Ila round=0
🎮 [audit] component=transcript action=replay turnState=IDLE tts=off childName=Ila round=0
🎮 [audit] component=transcript action=accepted turnState=IDLE tts=off childName=Ila round=0
🎮 [audit] component=transcript action=accepted turnState=IDLE tts=on childName=creator round=0
🎮 [audit] component=word_builder action=wire_corrected reason=session_already_active childName=Ila
🎮 [audit] component=word_builder action=rejected error=Word Builder is already active. Call canvasClear first if you want to restart it. childName=Ila
🎮 [audit] component=word_builder action=rejected error=Word Builder is already active. Call canvasClear first if you want to restart it. childName=Ila
🎮 [audit] component=transcript action=replay turnState=SPEAKING tts=on childName=creator round=0
🎮 [audit] component=transcript action=accepted turnState=SPEAKING tts=on childName=creator round=0
🎮 [audit] component=transcript action=replay turnState=LOADING tts=on childName=creator round=0
🎮 [audit] component=transcript action=accepted turnState=LOADING tts=on childName=creator round=0
🎮 [audit] component=transcript action=replay turnState=SPEAKING tts=on childName=creator round=0
🎮 [audit] component=transcript action=accepted turnState=SPEAKING tts=on childName=creator round=0
🎮 [audit] component=transcript action=replay turnState=IDLE tts=on childName=Ila round=0
🎮 [audit] component=transcript action=accepted turnState=IDLE tts=on childName=Ila round=0
🎮 [audit] component=transcript action=replay turnState=IDLE tts=on childName=Ila round=0
🎮 [audit] component=transcript action=accepted turnState=IDLE tts=on childName=Ila round=0
🎮 [audit] component=transcript action=accepted turnState=IDLE tts=on childName=Ila round=0
🎮 [audit] component=transcript action=accepted turnState=IDLE tts=on childName=Ila round=0
🎮 [audit] component=word_builder action=wire_corrected reason=session_already_active childName=Ila
🎮 [audit] component=word_builder action=rejected error=Word Builder is already active. Call canvasClear first if you want to restart it. childName=Ila
🎮 [audit] component=word_builder action=rejected error=Word Builder is already active. Call canvasClear first if you want to restart it. childName=Ila
🎮 [audit] component=transcript action=queued turnState=PROCESSING tts=on childName=Ila round=0
🎮 [audit] component=transcript action=replay turnState=IDLE tts=on childName=Ila round=0
🎮 [audit] component=transcript action=accepted turnState=IDLE tts=on childName=Ila round=0
🎮 [audit] component=transcript action=queued turnState=PROCESSING tts=off childName=Ila round=0
🎮 [audit] component=transcript action=replay turnState=IDLE tts=off childName=Ila round=0
🎮 [audit] component=transcript action=accepted turnState=IDLE tts=off childName=Ila round=0
🎮 [audit] component=transcript action=queued turnState=PROCESSING tts=off childName=Ila round=0
🎮 [audit] component=transcript action=replay turnState=IDLE tts=off childName=Ila round=0
🎮 [audit] component=transcript action=accepted turnState=IDLE tts=off childName=Ila round=0
🎮 [audit] component=transcript action=accepted turnState=IDLE tts=on childName=creator round=0
🎮 [audit] component=transcript action=replay turnState=IDLE tts=on childName=Ila round=0
🎮 [audit] component=transcript action=accepted turnState=IDLE tts=on childName=Ila round=0
🎮 [audit] component=transcript action=replay turnState=IDLE tts=on childName=Ila round=0
🎮 [audit] component=transcript action=accepted turnState=IDLE tts=on childName=Ila round=0
🎮 [audit] component=transcript action=replay turnState=SPEAKING tts=on childName=creator round=0
🎮 [audit] component=transcript action=accepted turnState=SPEAKING tts=on childName=creator round=0
🎮 [audit] component=transcript action=replay turnState=LOADING tts=on childName=creator round=0
🎮 [audit] component=transcript action=accepted turnState=LOADING tts=on childName=creator round=0
🎮 [audit] component=transcript action=replay turnState=SPEAKING tts=on childName=creator round=0
🎮 [audit] component=transcript action=accepted turnState=SPEAKING tts=on childName=creator round=0
🎮 [audit] component=transcript action=accepted turnState=IDLE tts=on childName=Ila round=0
🎮 [audit] component=transcript action=accepted turnState=IDLE tts=on childName=Ila round=0
🎮 [audit] component=transcript action=accepted turnState=IDLE tts=on childName=Reina round=0
🎮 [audit] component=transcript action=accepted turnState=IDLE tts=on childName=Reina round=1
🎮 [audit] component=transcript action=accepted turnState=IDLE tts=on childName=Reina round=2
🎮 [audit] component=transcript action=accepted turnState=IDLE tts=on childName=Reina round=3
