🎮 [audit] component=transcript action=replay turnState=IDLE tts=on childName=Reina round=0
🎮 [audit] component=transcript action=accepted turnState=IDLE tts=on childName=Reina round=0
🎮 [audit] component=transcript action=accepted turnState=IDLE tts=on childName=Reina round=1
🎮 [audit] component=transcript action=queued turnState=PROCESSING tts=on childName=Reina round=2
🎮 [audit] component=transcript action=replay turnState=IDLE tts=on childName=Reina round=2
🎮 [audit] component=transcript action=accepted turnState=IDLE tts=on childName=Reina round=2
🎮 [audit] component=transcript action=queued turnState=PROCESSING tts=on childName=Reina round=3
🎮 [audit] component=transcript action=replay turnState=PROCESSING tts=on childName=Reina round=3
🎮 [audit] component=transcript action=queued turnState=PROCESSING tts=on childName=Reina round=3
🎮 [audit] component=transcript action=replay turnState=IDLE tts=on childName=Reina round=3
🎮 [audit] component=transcript action=accepted turnState=IDLE tts=on childName=Reina round=3
🎮 [audit] component=transcript action=queued turnState=PROCESSING tts=on childName=Reina round=4
🎮 [audit] component=transcript action=queued turnState=PROCESSING tts=on childName=Reina round=4
🎮 [audit] component=transcript action=queued turnState=PROCESSING tts=on childName=Reina round=4
🎮 [audit] component=transcript action=replay turnState=PROCESSING tts=on childName=Reina round=4
🎮 [audit] component=transcript action=queued turnState=PROCESSING tts=on childName=Reina round=4
🎮 [audit] component=transcript action=replay turnState=IDLE tts=on childName=Reina round=4
🎮 [audit] component=transcript action=accepted turnState=IDLE tts=on childName=Reina round=4
🎮 [audit] component=transcript action=queued turnState=PROCESSING tts=on childName=Reina round=5
🎮 [audit] component=transcript action=replay turnState=IDLE tts=on childName=Reina round=5
🎮 [audit] component=transcript action=accepted turnState=IDLE tts=on childName=Reina round=5
🎮 [audit] component=transcript action=queued turnState=PROCESSING tts=on childName=Reina round=6
🎮 [audit] component=transcript action=queued turnState=PROCESSING tts=on childName=Reina round=6
🎮 [audit] component=transcript action=replay turnState=PROCESSING tts=on childName=Reina round=6
🎮 [audit] component=transcript action=queued turnState=PROCESSING tts=on childName=Reina round=6
🎮 [audit] component=transcript action=replay turnState=PROCESSING tts=on childName=Reina round=6
🎮 [audit] component=transcript action=queued turnState=PROCESSING tts=on childName=Reina round=6
🎮 [audit] component=transcript action=replay turnState=IDLE tts=on childName=Reina round=6
🎮 [audit] component=transcript action=accepted turnState=IDLE tts=on childName=Reina round=6
🎮 [audit] component=transcript action=accepted turnState=IDLE tts=on childName=Reina round=7
🎮 [audit] component=transcript action=dropped reason=assistant_owns_turn turnState=SPEAKING tts=on childName=Reina round=8
🎮 [audit] component=transcript action=accepted turnState=IDLE tts=on childName=Reina round=8
🎮 [audit] component=transcript action=queued turnState=PROCESSING tts=on childName=Reina round=9
🎮 [audit] component=transcript action=replay turnState=IDLE tts=on childName=Reina round=9
🎮 [audit] component=transcript action=accepted turnState=IDLE tts=on childName=Reina round=9
🎮 [audit] component=transcript action=accepted turnState=IDLE tts=on childName=Reina round=10
🎮 [audit] component=transcript action=queued turnState=PROCESSING tts=on childName=Reina round=11
🎮 [audit] component=transcript action=replay turnState=PROCESSING tts=on childName=Reina round=11
🎮 [audit] component=transcript action=queued turnState=PROCESSING tts=on childName=Reina round=11
🎮 [audit] component=transcript action=replay turnState=IDLE tts=on childName=Reina round=11
🎮 [audit] component=transcript action=accepted turnState=IDLE tts=on childName=Reina round=11
🎮 [audit] component=transcript action=accepted turnState=IDLE tts=on childName=Reina round=12
🎮 [audit] component=transcript action=accepted turnState=IDLE tts=on childName=Reina round=13
🎮 [audit] component=transcript action=accepted turnState=IDLE tts=on childName=Reina round=14
🎮 [audit] component=transcript action=accepted turnState=IDLE tts=on childName=Reina round=15
🎮 [audit] component=transcript action=queued turnState=PROCESSING tts=on childName=Reina round=16
🎮 [audit] component=transcript action=replay turnState=IDLE tts=on childName=Reina round=16
🎮 [audit] component=transcript action=accepted turnState=IDLE tts=on childName=Reina round=16
🎮 [audit] component=transcript action=accepted turnState=IDLE tts=on childName=Reina round=17
🎮 [audit] component=transcript action=queued turnState=PROCESSING tts=on childName=Reina round=18
🎮 [audit] component=transcript action=replay turnState=IDLE tts=on childName=Reina round=18
🎮 [audit] component=transcript action=accepted turnState=IDLE tts=on childName=Reina round=18
🎮 [audit] component=transcript action=queued turnState=PROCESSING tts=on childName=Reina round=19
🎮 [audit] component=transcript action=replay turnState=IDLE tts=on childName=Reina round=19
🎮 [audit] component=transcript action=accepted turnState=IDLE tts=on childName=Reina round=19
🎮 [audit] component=transcript action=queued turnState=PROCESSING tts=on childName=Reina round=20
🎮 [audit] component=transcript action=replay turnState=IDLE tts=on childName=Reina round=20
🎮 [audit] component=transcript action=accepted turnState=IDLE tts=on childName=Reina round=20
🎮 [audit] component=transcript action=accepted turnState=IDLE tts=on childName=Reina round=21
🎮 [audit] component=transcript action=accepted turnState=IDLE tts=on childName=Reina round=22
