🎮 [audit] component=transcript action=accepted turnState=IDLE tts=on childName=creator round=0
🎮 [audit] component=transcript action=accepted turnState=IDLE tts=on childName=creator round=1
🎮 [audit] component=transcript action=accepted turnState=IDLE tts=on childName=creator round=2
🎮 [audit] component=transcript action=accepted turnState=IDLE tts=on childName=creator round=3
🎮 [audit] component=transcript action=accepted turnState=IDLE tts=on childName=creator round=4
🎮 [audit] component=transcript action=accepted turnState=IDLE tts=on childName=creator round=5
🎮 [audit] component=transcript action=accepted turnState=IDLE tts=on childName=creator round=6
🎮 [audit] component=transcript action=accepted turnState=IDLE tts=on childName=creator round=7
🎮 [audit] component=transcript action=accepted turnState=IDLE tts=on childName=creator round=8
🎮 [audit] component=transcript action=accepted turnState=IDLE tts=on childName=creator round=9
🎮 [audit] component=transcript action=accepted turnState=IDLE tts=on childName=creator round=10
🎮 [audit] component=transcript action=accepted turnState=IDLE tts=on childName=creator round=11
🎮 [audit] component=transcript action=accepted turnState=IDLE tts=on childName=creator round=12
🎮 [audit] component=transcript action=accepted turnState=IDLE tts=on childName=creator round=13
🎮 [audit] component=transcript action=duplicate_suppressed turnState=IDLE tts=on childName=creator round=14
🎮 [audit] component=transcript action=accepted turnState=IDLE tts=on childName=creator round=14
🎮 [audit] component=transcript action=accepted turnState=IDLE tts=on childName=creator round=15
🎮 [audit] component=transcript action=accepted turnState=IDLE tts=on childName=creator round=16
🎮 [audit] component=transcript action=accepted turnState=IDLE tts=on childName=creator round=17
🎮 [audit] component=transcript action=accepted turnState=IDLE tts=on childName=creator round=18
🎮 [audit] component=transcript action=accepted turnState=IDLE tts=on childName=creator round=19
🎮 [audit] component=transcript action=accepted turnState=IDLE tts=on childName=creator round=20
🎮 [audit] component=transcript action=accepted turnState=IDLE tts=on childName=creator round=21
🎮 [audit] component=transcript action=accepted turnState=IDLE tts=on childName=creator round=22
🎮 [audit] component=transcript action=accepted turnState=IDLE tts=on childName=creator round=23
🎮 [audit] component=transcript action=accepted turnState=IDLE tts=on childName=creator round=24
🎮 [audit] component=transcript action=accepted turnState=IDLE tts=on childName=creator round=25
🎮 [audit] component=transcript action=accepted turnState=IDLE tts=on childName=creator round=26
🎮 [audit] component=transcript action=accepted turnState=IDLE tts=on childName=creator round=0
🎮 [audit] component=transcript action=accepted turnState=IDLE tts=on childName=creator round=1
🎮 [audit] component=transcript action=duplicate_suppressed turnState=IDLE tts=on childName=creator round=2
🎮 [audit] component=transcript action=accepted turnState=IDLE tts=on childName=creator round=2
🎮 [audit] component=transcript action=accepted turnState=IDLE tts=on childName=creator round=3
🎮 [audit] component=transcript action=accepted turnState=IDLE tts=on childName=creator round=4
🎮 [audit] component=transcript action=accepted turnState=IDLE tts=on childName=creator round=5
🎮 [audit] component=transcript action=accepted turnState=IDLE tts=on childName=creator round=6
🎮 [audit] component=transcript action=accepted turnState=IDLE tts=on childName=creator round=7
🎮 [audit] component=transcript action=duplicate_suppressed turnState=IDLE tts=on childName=creator round=8
🎮 [audit] component=transcript action=accepted turnState=IDLE tts=on childName=creator round=0
🎮 [audit] component=transcript action=accepted turnState=IDLE tts=on childName=creator round=1
🎮 [audit] component=transcript action=accepted turnState=IDLE tts=on childName=creator round=2
🎮 [audit] component=transcript action=accepted turnState=IDLE tts=on childName=creator round=3
🎮 [audit] component=transcript action=replay turnState=IDLE tts=on childName=creator round=4
🎮 [audit] component=transcript action=accepted turnState=IDLE tts=on childName=creator round=4
🎮 [audit] component=transcript action=accepted turnState=IDLE tts=on childName=creator round=5
🎮 [audit] component=transcript action=accepted turnState=IDLE tts=on childName=creator round=0
🎮 [audit] component=transcript action=accepted turnState=IDLE tts=on childName=creator round=1
🎮 [audit] component=transcript action=accepted turnState=IDLE tts=on childName=creator round=2
🎮 [audit] component=transcript action=accepted turnState=IDLE tts=on childName=creator round=3
🎮 [audit] component=transcript action=accepted turnState=IDLE tts=on childName=creator round=4
🎮 [audit] component=transcript action=accepted turnState=IDLE tts=on childName=creator round=5
🎮 [audit] component=transcript action=accepted turnState=IDLE tts=on childName=creator round=6
🎮 [audit] component=transcript action=duplicate_suppressed turnState=IDLE tts=on childName=creator round=7
🎮 [audit] component=transcript action=accepted turnState=IDLE tts=on childName=creator round=7
🎮 [audit] component=transcript action=accepted turnState=IDLE tts=on childName=creator round=8
🎮 [audit] component=transcript action=accepted turnState=IDLE tts=on childName=creator round=9
🎮 [audit] component=transcript action=accepted turnState=IDLE tts=on childName=creator round=10
🎮 [audit] component=transcript action=accepted turnState=IDLE tts=on childName=creator round=11
🎮 [audit] component=transcript action=duplicate_suppressed turnState=IDLE tts=on childName=creator round=12
🎮 [audit] component=transcript action=accepted turnState=IDLE tts=on childName=creator round=12
🎮 [audit] component=transcript action=accepted turnState=IDLE tts=on childName=creator round=13
🎮 [audit] component=transcript action=accepted turnState=IDLE tts=on childName=creator round=14
🎮 [audit] component=transcript action=accepted turnState=IDLE tts=on childName=creator round=15
🎮 [audit] component=transcript action=accepted turnState=IDLE tts=on childName=creator round=16
🎮 [audit] component=transcript action=accepted turnState=IDLE tts=on childName=creator round=17
🎮 [audit] component=transcript action=accepted turnState=IDLE tts=on childName=creator round=18
🎮 [audit] component=transcript action=accepted turnState=IDLE tts=on childName=creator round=19
🎮 [audit] component=transcript action=replay turnState=IDLE tts=on childName=creator round=20
🎮 [audit] component=transcript action=accepted turnState=IDLE tts=on childName=creator round=20
🎮 [audit] component=transcript action=accepted turnState=IDLE tts=on childName=creator round=21
🎮 [audit] component=transcript action=replay turnState=IDLE tts=on childName=Ila round=0
🎮 [audit] component=transcript action=accepted turnState=IDLE tts=on childName=Ila round=0
🎮 [audit] component=transcript action=replay turnState=IDLE tts=on childName=Ila round=0
🎮 [audit] component=transcript action=accepted turnState=IDLE tts=on childName=Ila round=0
🎮 [audit] component=transcript action=queued turnState=PROCESSING tts=on childName=Ila round=0
🎮 [audit] component=transcript action=replay turnState=IDLE tts=on childName=Ila round=0
🎮 [audit] component=transcript action=accepted turnState=IDLE tts=on childName=Ila round=0
🎮 [audit] component=transcript action=queued turnState=PROCESSING tts=off childName=Ila round=0
🎮 [audit] component=transcript action=replay turnState=IDLE tts=off childName=Ila round=0
🎮 [audit] component=transcript action=accepted turnState=IDLE tts=off childName=Ila round=0
🎮 [audit] component=transcript action=queued turnState=PROCESSING tts=off childName=Ila round=0
🎮 [audit] component=transcript action=replay turnState=IDLE tts=off childName=Ila round=0
🎮 [audit] component=transcript action=accepted turnState=IDLE tts=off childName=Ila round=0
🎮 [audit] component=word_builder action=wire_corrected reason=session_already_active childName=Ila
🎮 [audit] component=word_builder action=rejected error=Word Builder is already active. Call canvasClear first if you want to restart it. childName=Ila
🎮 [audit] component=word_builder action=rejected error=Word Builder is already active. Call canvasClear first if you want to restart it. childName=Ila
🎮 [audit] component=transcript action=replay turnState=SPEAKING tts=on childName=creator round=0
🎮 [audit] component=transcript action=accepted turnState=SPEAKING tts=on childName=creator round=0
🎮 [audit] component=transcript action=replay turnState=LOADING tts=on childName=creator round=0
🎮 [audit] component=transcript action=accepted turnState=LOADING tts=on childName=creator round=0
🎮 [audit] component=transcript action=replay turnState=SPEAKING tts=on childName=creator round=0
🎮 [audit] component=transcript action=accepted turnState=SPEAKING tts=on childName=creator round=0
🎮 [audit] component=transcript action=accepted turnState=IDLE tts=on childName=creator round=0
🎮 [audit] component=transcript action=accepted turnState=IDLE tts=on childName=creator round=1
🎮 [audit] component=transcript action=accepted turnState=IDLE tts=on childName=creator round=2
🎮 [audit] component=transcript action=accepted turnState=IDLE tts=on childName=creator round=3
🎮 [audit] component=transcript action=accepted turnState=IDLE tts=on childName=creator round=4
🎮 [audit] component=transcript action=accepted turnState=IDLE tts=on childName=creator round=5
🎮 [audit] component=transcript action=accepted turnState=IDLE tts=on childName=creator round=6
🎮 [audit] component=transcript action=accepted turnState=IDLE tts=on childName=creator round=7
🎮 [audit] component=transcript action=accepted turnState=IDLE tts=on childName=creator round=8
🎮 [audit] component=transcript action=accepted turnState=IDLE tts=on childName=creator round=9
🎮 [audit] component=transcript action=accepted turnState=IDLE tts=on childName=creator round=10
🎮 [audit] component=transcript action=accepted turnState=IDLE tts=on childName=creator round=11
🎮 [audit] component=transcript action=accepted turnState=IDLE tts=on childName=creator round=12
🎮 [audit] component=transcript action=accepted turnState=IDLE tts=on childName=creator round=13
🎮 [audit] component=transcript action=accepted turnState=IDLE tts=on childName=creator round=14
🎮 [audit] component=transcript action=accepted turnState=IDLE tts=on childName=creator round=15
🎮 [audit] component=transcript action=accepted turnState=IDLE tts=on childName=creator round=16
🎮 [audit] component=transcript action=duplicate_suppressed turnState=IDLE tts=on childName=creator round=17
🎮 [audit] component=transcript action=accepted turnState=IDLE tts=on childName=creator round=17
🎮 [audit] component=transcript action=accepted turnState=IDLE tts=on childName=creator round=18
🎮 [audit] component=transcript action=accepted turnState=IDLE tts=on childName=creator round=19
🎮 [audit] component=transcript action=accepted turnState=IDLE tts=on childName=creator round=20
🎮 [audit] component=transcript action=replay turnState=IDLE tts=on childName=creator round=21
🎮 [audit] component=transcript action=accepted turnState=IDLE tts=on childName=creator round=21
🎮 [audit] component=transcript action=accepted turnState=IDLE tts=on childName=creator round=22
🎮 [audit] component=transcript action=accepted turnState=IDLE tts=on childName=creator round=23
🎮 [audit] component=transcript action=accepted turnState=IDLE tts=on childName=creator round=24
🎮 [audit] component=transcript action=accepted turnState=IDLE tts=on childName=creator round=25
🎮 [audit] component=transcript action=accepted turnState=IDLE tts=on childName=creator round=26
🎮 [audit] component=transcript action=accepted turnState=IDLE tts=on childName=creator round=0
🎮 [audit] component=transcript action=accepted turnState=IDLE tts=on childName=creator round=1
🎮 [audit] component=transcript action=accepted turnState=IDLE tts=on childName=creator round=2
🎮 [audit] component=transcript action=replay turnState=IDLE tts=on childName=creator round=3
🎮 [audit] component=transcript action=accepted turnState=IDLE tts=on childName=creator round=3
🎮 [audit] component=transcript action=replay turnState=SPEAKING tts=on childName=creator round=0
🎮 [audit] component=transcript action=accepted turnState=SPEAKING tts=on childName=creator round=0
🎮 [audit] component=transcript action=replay turnState=LOADING tts=on childName=creator round=0
🎮 [audit] component=transcript action=accepted turnState=LOADING tts=on childName=creator round=0
🎮 [audit] component=transcript action=replay turnState=SPEAKING tts=on childName=creator round=0
🎮 [audit] component=transcript action=accepted turnState=SPEAKING tts=on childName=creator round=0
🎮 [audit] component=transcript action=queued turnState=PROCESSING tts=on childName=Ila round=0
🎮 [audit] component=transcript action=replay turnState=IDLE tts=on childName=Ila round=0
🎮 [audit] component=transcript action=accepted turnState=IDLE tts=on childName=Ila round=0
🎮 [audit] component=transcript action=queued turnState=PROCESSING tts=off childName=Ila round=0
🎮 [audit] component=transcript action=replay turnState=IDLE tts=off childName=Ila round=0
🎮 [audit] component=transcript action=accepted turnState=IDLE tts=off childName=Ila round=0
🎮 [audit] component=transcript action=queued turnState=PROCESSING tts=off childName=Ila round=0
🎮 [audit] component=transcript action=replay turnState=IDLE tts=off childName=Ila round=0
🎮 [audit] component=transcript action=accepted turnState=IDLE tts=off childName=Ila round=0
🎮 [audit] component=transcript action=replay turnState=IDLE tts=on childName=Ila round=0
🎮 [audit] component=transcript action=accepted turnState=IDLE tts=on childName=Ila round=0
🎮 [audit] component=transcript action=replay turnState=IDLE tts=on childName=Ila round=0
🎮 [audit] component=transcript action=accepted turnState=IDLE tts=on childName=Ila round=0
🎮 [audit] component=word_builder action=wire_corrected reason=session_already_active childName=Ila
🎮 [audit] component=word_builder action=rejected error=Word Builder is already active. Call canvasClear first if you want to restart it. childName=Ila
🎮 [audit] component=word_builder action=rejected error=Word Builder is already active. Call canvasClear first if you want to restart it. childName=Ila
🎮 [audit] component=transcript action=queued turnState=PROCESSING tts=on childName=Ila round=0
🎮 [audit] component=transcript action=replay turnState=IDLE tts=on childName=Ila round=0
🎮 [audit] component=transcript action=accepted turnState=IDLE tts=on childName=Ila round=0
🎮 [audit] component=transcript action=queued turnState=PROCESSING tts=off childName=Ila round=0
🎮 [audit] component=transcript action=replay turnState=IDLE tts=off childName=Ila round=0
🎮 [audit] component=transcript action=accepted turnState=IDLE tts=off childName=Ila round=0
🎮 [audit] component=transcript action=queued turnState=PROCESSING tts=off childName=Ila round=0
🎮 [audit] component=transcript action=replay turnState=IDLE tts=off childName=Ila round=0
🎮 [audit] component=transcript action=accepted turnState=IDLE tts=off childName=Ila round=0
🎮 [audit] component=transcript action=replay turnState=SPEAKING tts=on childName=creator round=0
🎮 [audit] component=transcript action=accepted turnState=SPEAKING tts=on childName=creator round=0
🎮 [audit] component=transcript action=replay turnState=LOADING tts=on childName=creator round=0
🎮 [audit] component=transcript action=accepted turnState=LOADING tts=on childName=creator round=0
🎮 [audit] component=transcript action=replay turnState=SPEAKING tts=on childName=creator round=0
🎮 [audit] component=transcript action=accepted turnState=SPEAKING tts=on childName=creator round=0
🎮 [audit] component=transcript action=replay turnState=IDLE tts=on childName=Ila round=0
🎮 [audit] component=transcript action=accepted turnState=IDLE tts=on childName=Ila round=0
🎮 [audit] component=transcript action=replay turnState=IDLE tts=on childName=Ila round=0
🎮 [audit] component=transcript action=accepted turnState=IDLE tts=on childName=Ila round=0
🎮 [audit] component=word_builder action=wire_corrected reason=session_already_active childName=Ila
🎮 [audit] component=word_builder action=rejected error=Word Builder is already active. Call canvasClear first if you want to restart it. childName=Ila
🎮 [audit] component=word_builder action=rejected error=Word Builder is already active. Call canvasClear first if you want to restart it. childName=Ila
🎮 [audit] component=transcript action=accepted turnState=IDLE tts=on childName=creator round=0
🎮 [audit] component=transcript action=accepted turnState=IDLE tts=on childName=creator round=1
🎮 [audit] component=transcript action=accepted turnState=IDLE tts=on childName=creator round=2
🎮 [audit] component=transcript action=accepted turnState=IDLE tts=on childName=creator round=3
🎮 [audit] component=transcript action=duplicate_suppressed turnState=IDLE tts=on childName=creator round=4
🎮 [audit] component=transcript action=accepted turnState=IDLE tts=on childName=creator round=4
🎮 [audit] component=transcript action=duplicate_suppressed turnState=IDLE tts=on childName=creator round=5
🎮 [audit] component=transcript action=accepted turnState=IDLE tts=on childName=creator round=5
🎮 [audit] component=transcript action=accepted turnState=IDLE tts=on childName=creator round=6
🎮 [audit] component=transcript action=accepted turnState=IDLE tts=on childName=creator round=7
🎮 [audit] component=transcript action=accepted turnState=IDLE tts=on childName=creator round=8
🎮 [audit] component=transcript action=accepted turnState=IDLE tts=on childName=creator round=9
🎮 [audit] component=transcript action=accepted turnState=IDLE tts=on childName=creator round=10
🎮 [audit] component=transcript action=accepted turnState=IDLE tts=on childName=creator round=11
🎮 [audit] component=transcript action=accepted turnState=IDLE tts=on childName=creator round=12
🎮 [audit] component=transcript action=accepted turnState=IDLE tts=on childName=creator round=13
🎮 [audit] component=transcript action=accepted turnState=IDLE tts=on childName=creator round=14
🎮 [audit] component=transcript action=accepted turnState=IDLE tts=on childName=creator round=15
🎮 [audit] component=transcript action=accepted turnState=IDLE tts=on childName=creator round=16
🎮 [audit] component=transcript action=accepted turnState=IDLE tts=on childName=creator round=17
🎮 [audit] component=transcript action=accepted turnState=IDLE tts=on childName=creator round=18
🎮 [audit] component=transcript action=replay turnState=IDLE tts=on childName=creator round=19
🎮 [audit] component=transcript action=accepted turnState=IDLE tts=on childName=creator round=19
🎮 [audit] component=transcript action=accepted turnState=IDLE tts=on childName=creator round=20
🎮 [audit] component=transcript action=replay turnState=SPEAKING tts=on childName=creator round=0
🎮 [audit] component=transcript action=accepted turnState=SPEAKING tts=on childName=creator round=0
🎮 [audit] component=transcript action=replay turnState=LOADING tts=on childName=creator round=0
🎮 [audit] component=transcript action=accepted turnState=LOADING tts=on childName=creator round=0
🎮 [audit] component=transcript action=replay turnState=SPEAKING tts=on childName=creator round=0
🎮 [audit] component=transcript action=accepted turnState=SPEAKING tts=on childName=creator round=0
🎮 [audit] component=transcript action=queued turnState=PROCESSING tts=on childName=Ila round=0
🎮 [audit] component=transcript action=replay turnState=IDLE tts=on childName=Ila round=0
🎮 [audit] component=transcript action=accepted turnState=IDLE tts=on childName=Ila round=0
🎮 [audit] component=transcript action=queued turnState=PROCESSING tts=off childName=Ila round=0
🎮 [audit] component=transcript action=replay turnState=IDLE tts=off childName=Ila round=0
🎮 [audit] component=transcript action=accepted turnState=IDLE tts=off childName=Ila round=0
🎮 [audit] component=transcript action=queued turnState=PROCESSING tts=off childName=Ila round=0
🎮 [audit] component=transcript action=replay turnState=IDLE tts=off childName=Ila round=0
🎮 [audit] component=transcript action=accepted turnState=IDLE tts=off childName=Ila round=0
🎮 [audit] component=transcript action=replay turnState=IDLE tts=on childName=Ila round=0
🎮 [audit] component=transcript action=accepted turnState=IDLE tts=on childName=Ila round=0
🎮 [audit] component=transcript action=replay turnState=IDLE tts=on childName=Ila round=0
🎮 [audit] component=transcript action=accepted turnState=IDLE tts=on childName=Ila round=0
🎮 [audit] component=word_builder action=wire_corrected reason=session_already_active childName=Ila
🎮 [audit] component=word_builder action=rejected error=Word Builder is already active. Call canvasClear first if you want to restart it. childName=Ila
🎮 [audit] component=word_builder action=rejected error=Word Builder is already active. Call canvasClear first if you want to restart it. childName=Ila
🎮 [audit] component=transcript action=queued turnState=PROCESSING tts=on childName=Ila round=0
🎮 [audit] component=transcript action=replay turnState=IDLE tts=on childName=Ila round=0
🎮 [audit] component=transcript action=accepted turnState=IDLE tts=on childName=Ila round=0
🎮 [audit] component=transcript action=queued turnState=PROCESSING tts=off childName=Ila round=0
🎮 [audit] component=transcript action=replay turnState=IDLE tts=off childName=Ila round=0
🎮 [audit] component=transcript action=accepted turnState=IDLE tts=off childName=Ila round=0
🎮 [audit] component=transcript action=queued turnState=PROCESSING tts=off childName=Ila round=0
🎮 [audit] component=transcript action=replay turnState=IDLE tts=off childName=Ila round=0
🎮 [audit] component=transcript action=accepted turnState=IDLE tts=off childName=Ila round=0
🎮 [audit] component=transcript action=replay turnState=SPEAKING tts=on childName=creator round=0
🎮 [audit] component=transcript action=accepted turnState=SPEAKING tts=on childName=creator round=0
🎮 [audit] component=transcript action=replay turnState=LOADING tts=on childName=creator round=0
🎮 [audit] component=transcript action=accepted turnState=LOADING tts=on childName=creator round=0
🎮 [audit] component=transcript action=replay turnState=SPEAKING tts=on childName=creator round=0
🎮 [audit] component=transcript action=accepted turnState=SPEAKING tts=on childName=creator round=0
🎮 [audit] component=transcript action=replay turnState=IDLE tts=on childName=Ila round=0
🎮 [audit] component=transcript action=accepted turnState=IDLE tts=on childName=Ila round=0
🎮 [audit] component=transcript action=replay turnState=IDLE tts=on childName=Ila round=0
🎮 [audit] component=transcript action=accepted turnState=IDLE tts=on childName=Ila round=0
🎮 [audit] component=word_builder action=wire_corrected reason=session_already_active childName=Ila
🎮 [audit] component=word_builder action=rejected error=Word Builder is already active. Call canvasClear first if you want to restart it. childName=Ila
🎮 [audit] component=word_builder action=rejected error=Word Builder is already active. Call canvasClear first if you want to restart it. childName=Ila
🎮 [audit] component=transcript action=replay turnState=SPEAKING tts=on childName=creator round=0
🎮 [audit] component=transcript action=accepted turnState=SPEAKING tts=on childName=creator round=0
🎮 [audit] component=transcript action=replay turnState=LOADING tts=on childName=creator round=0
🎮 [audit] component=transcript action=accepted turnState=LOADING tts=on childName=creator round=0
🎮 [audit] component=transcript action=replay turnState=SPEAKING tts=on childName=creator round=0
🎮 [audit] component=transcript action=accepted turnState=SPEAKING tts=on childName=creator round=0
🎮 [audit] component=transcript action=queued turnState=PROCESSING tts=on childName=Ila round=0
🎮 [audit] component=transcript action=replay turnState=IDLE tts=on childName=Ila round=0
🎮 [audit] component=transcript action=accepted turnState=IDLE tts=on childName=Ila round=0
🎮 [audit] component=transcript action=queued turnState=PROCESSING tts=off childName=Ila round=0
🎮 [audit] component=transcript action=replay turnState=IDLE tts=off childName=Ila round=0
🎮 [audit] component=transcript action=accepted turnState=IDLE tts=off childName=Ila round=0
🎮 [audit] component=transcript action=queued turnState=PROCESSING tts=off childName=Ila round=0
🎮 [audit] component=transcript action=replay turnState=IDLE tts=off childName=Ila round=0
🎮 [audit] component=transcript action=accepted turnState=IDLE tts=off childName=Ila round=0
🎮 [audit] component=transcript action=replay turnState=IDLE tts=on childName=Ila round=0
🎮 [audit] component=transcript action=accepted turnState=IDLE tts=on childName=Ila round=0
🎮 [audit] component=transcript action=replay turnState=IDLE tts=on childName=Ila round=0
🎮 [audit] component=transcript action=accepted turnState=IDLE tts=on childName=Ila round=0
🎮 [audit] component=word_builder action=wire_corrected reason=session_already_active childName=Ila
🎮 [audit] component=word_builder action=rejected error=Word Builder is already active. Call canvasClear first if you want to restart it. childName=Ila
🎮 [audit] component=word_builder action=rejected error=Word Builder is already active. Call canvasClear first if you want to restart it. childName=Ila
🎮 [audit] component=transcript action=replay turnState=SPEAKING tts=on childName=creator round=0
🎮 [audit] component=transcript action=accepted turnState=SPEAKING tts=on childName=creator round=0
🎮 [audit] component=transcript action=replay turnState=LOADING tts=on childName=creator round=0
🎮 [audit] component=transcript action=accepted turnState=LOADING tts=on childName=creator round=0
🎮 [audit] component=transcript action=replay turnState=SPEAKING tts=on childName=creator round=0
🎮 [audit] component=transcript action=accepted turnState=SPEAKING tts=on childName=creator round=0
🎮 [audit] component=transcript action=queued turnState=PROCESSING tts=on childName=Ila round=0
🎮 [audit] component=transcript action=replay turnState=IDLE tts=on childName=Ila round=0
🎮 [audit] component=transcript action=accepted turnState=IDLE tts=on childName=Ila round=0
🎮 [audit] component=transcript action=queued turnState=PROCESSING tts=off childName=Ila round=0
🎮 [audit] component=transcript action=replay turnState=IDLE tts=off childName=Ila round=0
🎮 [audit] component=transcript action=accepted turnState=IDLE tts=off childName=Ila round=0
🎮 [audit] component=transcript action=queued turnState=PROCESSING tts=off childName=Ila round=0
🎮 [audit] component=transcript action=replay turnState=IDLE tts=off childName=Ila round=0
🎮 [audit] component=transcript action=accepted turnState=IDLE tts=off childName=Ila round=0
🎮 [audit] component=transcript action=replay turnState=IDLE tts=on childName=Ila round=0
🎮 [audit] component=transcript action=accepted turnState=IDLE tts=on childName=Ila round=0
🎮 [audit] component=transcript action=replay turnState=IDLE tts=on childName=Ila round=0
🎮 [audit] component=transcript action=accepted turnState=IDLE tts=on childName=Ila round=0
🎮 [audit] component=word_builder action=wire_corrected reason=session_already_active childName=Ila
🎮 [audit] component=word_builder action=rejected error=Word Builder is already active. Call canvasClear first if you want to restart it. childName=Ila
🎮 [audit] component=word_builder action=rejected error=Word Builder is already active. Call canvasClear first if you want to restart it. childName=Ila
🎮 [audit] component=transcript action=queued turnState=PROCESSING tts=on childName=Ila round=0
🎮 [audit] component=transcript action=replay turnState=IDLE tts=on childName=Ila round=0
🎮 [audit] component=transcript action=accepted turnState=IDLE tts=on childName=Ila round=0
🎮 [audit] component=transcript action=queued turnState=PROCESSING tts=off childName=Ila round=0
🎮 [audit] component=transcript action=replay turnState=IDLE tts=off childName=Ila round=0
🎮 [audit] component=transcript action=accepted turnState=IDLE tts=off childName=Ila round=0
🎮 [audit] component=transcript action=queued turnState=PROCESSING tts=off childName=Ila round=0
🎮 [audit] component=transcript action=replay turnState=IDLE tts=off childName=Ila round=0
🎮 [audit] component=transcript action=accepted turnState=IDLE tts=off childName=Ila round=0
🎮 [audit] component=transcript action=replay turnState=SPEAKING tts=on childName=creator round=0
🎮 [audit] component=transcript action=accepted turnState=SPEAKING tts=on childName=creator round=0
🎮 [audit] component=transcript action=replay turnState=LOADING tts=on childName=creator round=0
🎮 [audit] component=transcript action=accepted turnState=LOADING tts=on childName=creator round=0
🎮 [audit] component=transcript action=replay turnState=SPEAKING tts=on childName=creator round=0
🎮 [audit] component=transcript action=accepted turnState=SPEAKING tts=on childName=creator round=0
🎮 [audit] component=transcript action=replay turnState=IDLE tts=on childName=Ila round=0
🎮 [audit] component=transcript action=accepted turnState=IDLE tts=on childName=Ila round=0
🎮 [audit] component=transcript action=replay turnState=IDLE tts=on childName=Ila round=0
🎮 [audit] component=transcript action=accepted turnState=IDLE tts=on childName=Ila round=0
🎮 [audit] component=word_builder action=wire_corrected reason=session_already_active childName=Ila
🎮 [audit] component=word_builder action=rejected error=Word Builder is already active. Call canvasClear first if you want to restart it. childName=Ila
🎮 [audit] component=word_builder action=rejected error=Word Builder is already active. Call canvasClear first if you want to restart it. childName=Ila
🎮 [audit] component=transcript action=replay turnState=SPEAKING tts=on childName=creator round=0
🎮 [audit] component=transcript action=accepted turnState=SPEAKING tts=on childName=creator round=0
🎮 [audit] component=transcript action=replay turnState=LOADING tts=on childName=creator round=0
🎮 [audit] component=transcript action=accepted turnState=LOADING tts=on childName=creator round=0
🎮 [audit] component=transcript action=replay turnState=SPEAKING tts=on childName=creator round=0
🎮 [audit] component=transcript action=accepted turnState=SPEAKING tts=on childName=creator round=0
🎮 [audit] component=transcript action=queued turnState=PROCESSING tts=on childName=Ila round=0
🎮 [audit] component=transcript action=replay turnState=IDLE tts=on childName=Ila round=0
🎮 [audit] component=transcript action=accepted turnState=IDLE tts=on childName=Ila round=0
🎮 [audit] component=transcript action=queued turnState=PROCESSING tts=off childName=Ila round=0
🎮 [audit] component=transcript action=replay turnState=IDLE tts=off childName=Ila round=0
🎮 [audit] component=transcript action=accepted turnState=IDLE tts=off childName=Ila round=0
🎮 [audit] component=transcript action=queued turnState=PROCESSING tts=off childName=Ila round=0
🎮 [audit] component=transcript action=replay turnState=IDLE tts=off childName=Ila round=0
🎮 [audit] component=transcript action=accepted turnState=IDLE tts=off childName=Ila round=0
🎮 [audit] component=transcript action=replay turnState=IDLE tts=on childName=Ila round=0
🎮 [audit] component=transcript action=accepted turnState=IDLE tts=on childName=Ila round=0
🎮 [audit] component=transcript action=replay turnState=IDLE tts=on childName=Ila round=0
🎮 [audit] component=transcript action=accepted turnState=IDLE tts=on childName=Ila round=0
🎮 [audit] component=word_builder action=wire_corrected reason=session_already_active childName=Ila
🎮 [audit] component=word_builder action=rejected error=Word Builder is already active. Call canvasClear first if you want to restart it. childName=Ila
🎮 [audit] component=word_builder action=rejected error=Word Builder is already active. Call canvasClear first if you want to restart it. childName=Ila
🎮 [audit] component=transcript action=replay turnState=SPEAKING tts=on childName=creator round=0
🎮 [audit] component=transcript action=accepted turnState=SPEAKING tts=on childName=creator round=0
🎮 [audit] component=transcript action=replay turnState=LOADING tts=on childName=creator round=0
🎮 [audit] component=transcript action=accepted turnState=LOADING tts=on childName=creator round=0
🎮 [audit] component=transcript action=replay turnState=SPEAKING tts=on childName=creator round=0
🎮 [audit] component=transcript action=accepted turnState=SPEAKING tts=on childName=creator round=0
🎮 [audit] component=transcript action=queued turnState=PROCESSING tts=on childName=Ila round=0
🎮 [audit] component=transcript action=replay turnState=IDLE tts=on childName=Ila round=0
🎮 [audit] component=transcript action=accepted turnState=IDLE tts=on childName=Ila round=0
🎮 [audit] component=transcript action=queued turnState=PROCESSING tts=off childName=Ila round=0
🎮 [audit] component=transcript action=replay turnState=IDLE tts=off childName=Ila round=0
🎮 [audit] component=transcript action=accepted turnState=IDLE tts=off childName=Ila round=0
🎮 [audit] component=transcript action=queued turnState=PROCESSING tts=off childName=Ila round=0
🎮 [audit] component=transcript action=replay turnState=IDLE tts=off childName=Ila round=0
🎮 [audit] component=transcript action=accepted turnState=IDLE tts=off childName=Ila round=0
🎮 [audit] component=transcript action=replay turnState=IDLE tts=on childName=Ila round=0
🎮 [audit] component=transcript action=accepted turnState=IDLE tts=on childName=Ila round=0
🎮 [audit] component=transcript action=replay turnState=IDLE tts=on childName=Ila round=0
🎮 [audit] component=transcript action=accepted turnState=IDLE tts=on childName=Ila round=0
🎮 [audit] component=word_builder action=wire_corrected reason=session_already_active childName=Ila
🎮 [audit] component=word_builder action=rejected error=Word Builder is already active. Call canvasClear first if you want to restart it. childName=Ila
🎮 [audit] component=word_builder action=rejected error=Word Builder is already active. Call canvasClear first if you want to restart it. childName=Ila
🎮 [audit] component=transcript action=replay turnState=SPEAKING tts=on childName=creator round=0
🎮 [audit] component=transcript action=accepted turnState=SPEAKING tts=on childName=creator round=0
🎮 [audit] component=transcript action=replay turnState=LOADING tts=on childName=creator round=0
🎮 [audit] component=transcript action=accepted turnState=LOADING tts=on childName=creator round=0
🎮 [audit] component=transcript action=replay turnState=SPEAKING tts=on childName=creator round=0
🎮 [audit] component=transcript action=accepted turnState=SPEAKING tts=on childName=creator round=0
🎮 [audit] component=transcript action=queued turnState=PROCESSING tts=on childName=Ila round=0
🎮 [audit] component=transcript action=replay turnState=IDLE tts=on childName=Ila round=0
🎮 [audit] component=transcript action=accepted turnState=IDLE tts=on childName=Ila round=0
🎮 [audit] component=transcript action=queued turnState=PROCESSING tts=off childName=Ila round=0
🎮 [audit] component=transcript action=replay turnState=IDLE tts=off childName=Ila round=0
🎮 [audit] component=transcript action=accepted turnState=IDLE tts=off childName=Ila round=0
🎮 [audit] component=transcript action=queued turnState=PROCESSING tts=off childName=Ila round=0
🎮 [audit] component=transcript action=replay turnState=IDLE tts=off childName=Ila round=0
🎮 [audit] component=transcript action=accepted turnState=IDLE tts=off childName=Ila round=0
🎮 [audit] component=transcript action=replay turnState=IDLE tts=on childName=Ila round=0
🎮 [audit] component=transcript action=accepted turnState=IDLE tts=on childName=Ila round=0
🎮 [audit] component=transcript action=replay turnState=IDLE tts=on childName=Ila round=0
🎮 [audit] component=transcript action=accepted turnState=IDLE tts=on childName=Ila round=0
🎮 [audit] component=word_builder action=wire_corrected reason=session_already_active childName=Ila
🎮 [audit] component=word_builder action=rejected error=Word Builder is already active. Call canvasClear first if you want to restart it. childName=Ila
🎮 [audit] component=word_builder action=rejected error=Word Builder is already active. Call canvasClear first if you want to restart it. childName=Ila
🎮 [audit] component=transcript action=replay turnState=SPEAKING tts=on childName=creator round=0
🎮 [audit] component=transcript action=accepted turnState=SPEAKING tts=on childName=creator round=0
🎮 [audit] component=transcript action=replay turnState=LOADING tts=on childName=creator round=0
🎮 [audit] component=transcript action=accepted turnState=LOADING tts=on childName=creator round=0
🎮 [audit] component=transcript action=replay turnState=SPEAKING tts=on childName=creator round=0
🎮 [audit] component=transcript action=accepted turnState=SPEAKING tts=on childName=creator round=0
🎮 [audit] component=transcript action=queued turnState=PROCESSING tts=on childName=Ila round=0
🎮 [audit] component=transcript action=replay turnState=IDLE tts=on childName=Ila round=0
🎮 [audit] component=transcript action=accepted turnState=IDLE tts=on childName=Ila round=0
🎮 [audit] component=transcript action=queued turnState=PROCESSING tts=off childName=Ila round=0
🎮 [audit] component=transcript action=replay turnState=IDLE tts=off childName=Ila round=0
🎮 [audit] component=transcript action=accepted turnState=IDLE tts=off childName=Ila round=0
🎮 [audit] component=transcript action=queued turnState=PROCESSING tts=off childName=Ila round=0
🎮 [audit] component=transcript action=replay turnState=IDLE tts=off childName=Ila round=0
🎮 [audit] component=transcript action=accepted turnState=IDLE tts=off childName=Ila round=0
🎮 [audit] component=transcript action=replay turnState=IDLE tts=on childName=Ila round=0
🎮 [audit] component=transcript action=accepted turnState=IDLE tts=on childName=Ila round=0
🎮 [audit] component=transcript action=replay turnState=IDLE tts=on childName=Ila round=0
🎮 [audit] component=transcript action=accepted turnState=IDLE tts=on childName=Ila round=0
🎮 [audit] component=word_builder action=wire_corrected reason=session_already_active childName=Ila
🎮 [audit] component=word_builder action=rejected error=Word Builder is already active. Call canvasClear first if you want to restart it. childName=Ila
🎮 [audit] component=word_builder action=rejected error=Word Builder is already active. Call canvasClear first if you want to restart it. childName=Ila
🎮 [audit] component=transcript action=replay turnState=SPEAKING tts=on childName=creator round=0
🎮 [audit] component=transcript action=accepted turnState=SPEAKING tts=on childName=creator round=0
🎮 [audit] component=transcript action=replay turnState=LOADING tts=on childName=creator round=0
🎮 [audit] component=transcript action=accepted turnState=LOADING tts=on childName=creator round=0
🎮 [audit] component=transcript action=replay turnState=SPEAKING tts=on childName=creator round=0
🎮 [audit] component=transcript action=accepted turnState=SPEAKING tts=on childName=creator round=0
🎮 [audit] component=transcript action=replay turnState=IDLE tts=on childName=Ila round=0
🎮 [audit] component=transcript action=accepted turnState=IDLE tts=on childName=Ila round=0
🎮 [audit] component=transcript action=replay turnState=IDLE tts=on childName=Ila round=0
🎮 [audit] component=transcript action=accepted turnState=IDLE tts=on childName=Ila round=0
🎮 [audit] component=transcript action=queued turnState=PROCESSING tts=on childName=Ila round=0
🎮 [audit] component=transcript action=replay turnState=IDLE tts=on childName=Ila round=0
🎮 [audit] component=transcript action=accepted turnState=IDLE tts=on childName=Ila round=0
🎮 [audit] component=transcript action=queued turnState=PROCESSING tts=off childName=Ila round=0
🎮 [audit] component=transcript action=replay turnState=IDLE tts=off childName=Ila round=0
🎮 [audit] component=transcript action=accepted turnState=IDLE tts=off childName=Ila round=0
🎮 [audit] component=transcript action=queued turnState=PROCESSING tts=off childName=Ila round=0
🎮 [audit] component=transcript action=replay turnState=IDLE tts=off childName=Ila round=0
🎮 [audit] component=transcript action=accepted turnState=IDLE tts=off childName=Ila round=0
🎮 [audit] component=word_builder action=wire_corrected reason=session_already_active childName=Ila
🎮 [audit] component=word_builder action=rejected error=Word Builder is already active. Call canvasClear first if you want to restart it. childName=Ila
🎮 [audit] component=word_builder action=rejected error=Word Builder is already active. Call canvasClear first if you want to restart it. childName=Ila
🎮 [audit] component=transcript action=replay turnState=SPEAKING tts=on childName=creator round=0
🎮 [audit] component=transcript action=accepted turnState=SPEAKING tts=on childName=creator round=0
🎮 [audit] component=transcript action=replay turnState=LOADING tts=on childName=creator round=0
🎮 [audit] component=transcript action=accepted turnState=LOADING tts=on childName=creator round=0
🎮 [audit] component=transcript action=replay turnState=SPEAKING tts=on childName=creator round=0
🎮 [audit] component=transcript action=accepted turnState=SPEAKING tts=on childName=creator round=0
🎮 [audit] component=transcript action=queued turnState=PROCESSING tts=on childName=Ila round=0
🎮 [audit] component=transcript action=replay turnState=IDLE tts=on childName=Ila round=0
🎮 [audit] component=transcript action=accepted turnState=IDLE tts=on childName=Ila round=0
🎮 [audit] component=transcript action=queued turnState=PROCESSING tts=off childName=Ila round=0
🎮 [audit] component=transcript action=replay turnState=IDLE tts=off childName=Ila round=0
🎮 [audit] component=transcript action=accepted turnState=IDLE tts=off childName=Ila round=0
🎮 [audit] component=transcript action=queued turnState=PROCESSING tts=off childName=Ila round=0
🎮 [audit] component=transcript action=replay turnState=IDLE tts=off childName=Ila round=0
🎮 [audit] component=transcript action=accepted turnState=IDLE tts=off childName=Ila round=0
🎮 [audit] component=transcript action=replay turnState=IDLE tts=on childName=Ila round=0
🎮 [audit] component=transcript action=accepted turnState=IDLE tts=on childName=Ila round=0
🎮 [audit] component=transcript action=replay turnState=IDLE tts=on childName=Ila round=0
🎮 [audit] component=transcript action=accepted turnState=IDLE tts=on childName=Ila round=0
🎮 [audit] component=word_builder action=wire_corrected reason=session_already_active childName=Ila
🎮 [audit] component=word_builder action=rejected error=Word Builder is already active. Call canvasClear first if you want to restart it. childName=Ila
🎮 [audit] component=word_builder action=rejected error=Word Builder is already active. Call canvasClear first if you want to restart it. childName=Ila
🎮 [audit] component=transcript action=queued turnState=PROCESSING tts=on childName=Ila round=0
🎮 [audit] component=transcript action=replay turnState=IDLE tts=on childName=Ila round=0
🎮 [audit] component=transcript action=accepted turnState=IDLE tts=on childName=Ila round=0
🎮 [audit] component=transcript action=queued turnState=PROCESSING tts=off childName=Ila round=0
🎮 [audit] component=transcript action=replay turnState=IDLE tts=off childName=Ila round=0
🎮 [audit] component=transcript action=accepted turnState=IDLE tts=off childName=Ila round=0
🎮 [audit] component=transcript action=queued turnState=PROCESSING tts=off childName=Ila round=0
🎮 [audit] component=transcript action=replay turnState=IDLE tts=off childName=Ila round=0
🎮 [audit] component=transcript action=accepted turnState=IDLE tts=off childName=Ila round=0
🎮 [audit] component=transcript action=replay turnState=SPEAKING tts=on childName=creator round=0
🎮 [audit] component=transcript action=accepted turnState=SPEAKING tts=on childName=creator round=0
🎮 [audit] component=transcript action=replay turnState=LOADING tts=on childName=creator round=0
🎮 [audit] component=transcript action=accepted turnState=LOADING tts=on childName=creator round=0
🎮 [audit] component=transcript action=replay turnState=SPEAKING tts=on childName=creator round=0
🎮 [audit] component=transcript action=accepted turnState=SPEAKING tts=on childName=creator round=0
🎮 [audit] component=transcript action=replay turnState=IDLE tts=on childName=Ila round=0
🎮 [audit] component=transcript action=accepted turnState=IDLE tts=on childName=Ila round=0
🎮 [audit] component=transcript action=replay turnState=IDLE tts=on childName=Ila round=0
🎮 [audit] component=transcript action=accepted turnState=IDLE tts=on childName=Ila round=0
🎮 [audit] component=word_builder action=wire_corrected reason=session_already_active childName=Ila
🎮 [audit] component=word_builder action=rejected error=Word Builder is already active. Call canvasClear first if you want to restart it. childName=Ila
🎮 [audit] component=word_builder action=rejected error=Word Builder is already active. Call canvasClear first if you want to restart it. childName=Ila
🎮 [audit] component=transcript action=replay turnState=IDLE tts=on childName=Ila round=0
🎮 [audit] component=transcript action=accepted turnState=IDLE tts=on childName=Ila round=0
🎮 [audit] component=transcript action=replay turnState=IDLE tts=on childName=Ila round=0
🎮 [audit] component=transcript action=accepted turnState=IDLE tts=on childName=Ila round=0
🎮 [audit] component=transcript action=replay turnState=SPEAKING tts=on childName=creator round=0
🎮 [audit] component=transcript action=accepted turnState=SPEAKING tts=on childName=creator round=0
🎮 [audit] component=transcript action=replay turnState=LOADING tts=on childName=creator round=0
🎮 [audit] component=transcript action=accepted turnState=LOADING tts=on childName=creator round=0
🎮 [audit] component=transcript action=replay turnState=SPEAKING tts=on childName=creator round=0
🎮 [audit] component=transcript action=accepted turnState=SPEAKING tts=on childName=creator round=0
🎮 [audit] component=transcript action=queued turnState=PROCESSING tts=on childName=Ila round=0
🎮 [audit] component=transcript action=replay turnState=IDLE tts=on childName=Ila round=0
🎮 [audit] component=transcript action=accepted turnState=IDLE tts=on childName=Ila round=0
🎮 [audit] component=transcript action=queued turnState=PROCESSING tts=off childName=Ila round=0
🎮 [audit] component=transcript action=replay turnState=IDLE tts=off childName=Ila round=0
🎮 [audit] component=transcript action=accepted turnState=IDLE tts=off childName=Ila round=0
🎮 [audit] component=transcript action=queued turnState=PROCESSING tts=off childName=Ila round=0
🎮 [audit] component=transcript action=replay turnState=IDLE tts=off childName=Ila round=0
🎮 [audit] component=transcript action=accepted turnState=IDLE tts=off childName=Ila round=0
🎮 [audit] component=word_builder action=wire_corrected reason=session_already_active childName=Ila
🎮 [audit] component=word_builder action=rejected error=Word Builder is already active. Call canvasClear first if you want to restart it. childName=Ila
🎮 [audit] component=word_builder action=rejected error=Word Builder is already active. Call canvasClear first if you want to restart it. childName=Ila
🎮 [audit] component=word_builder action=wire_corrected reason=session_already_active childName=Ila
🎮 [audit] component=word_builder action=rejected error=Word Builder is already active. Call canvasClear first if you want to restart it. childName=Ila
🎮 [audit] component=word_builder action=rejected error=Word Builder is already active. Call canvasClear first if you want to restart it. childName=Ila
🎮 [audit] component=transcript action=queued turnState=PROCESSING tts=on childName=Ila round=0
🎮 [audit] component=transcript action=replay turnState=IDLE tts=on childName=Ila round=0
🎮 [audit] component=transcript action=accepted turnState=IDLE tts=on childName=Ila round=0
🎮 [audit] component=transcript action=queued turnState=PROCESSING tts=off childName=Ila round=0
🎮 [audit] component=transcript action=replay turnState=IDLE tts=off childName=Ila round=0
🎮 [audit] component=transcript action=accepted turnState=IDLE tts=off childName=Ila round=0
🎮 [audit] component=transcript action=queued turnState=PROCESSING tts=off childName=Ila round=0
🎮 [audit] component=transcript action=replay turnState=IDLE tts=off childName=Ila round=0
🎮 [audit] component=transcript action=accepted turnState=IDLE tts=off childName=Ila round=0
🎮 [audit] component=transcript action=replay turnState=SPEAKING tts=on childName=creator round=0
🎮 [audit] component=transcript action=accepted turnState=SPEAKING tts=on childName=creator round=0
🎮 [audit] component=transcript action=replay turnState=LOADING tts=on childName=creator round=0
🎮 [audit] component=transcript action=accepted turnState=LOADING tts=on childName=creator round=0
🎮 [audit] component=transcript action=replay turnState=SPEAKING tts=on childName=creator round=0
🎮 [audit] component=transcript action=accepted turnState=SPEAKING tts=on childName=creator round=0
🎮 [audit] component=transcript action=replay turnState=IDLE tts=on childName=Ila round=0
🎮 [audit] component=transcript action=accepted turnState=IDLE tts=on childName=Ila round=0
🎮 [audit] component=transcript action=replay turnState=IDLE tts=on childName=Ila round=0
🎮 [audit] component=transcript action=accepted turnState=IDLE tts=on childName=Ila round=0
